Watching for file changes with StatReloader
"GET / HTTP/1.1" 200 1152
"POST / HTTP/1.1" 302 0
"GET /result/16/ HTTP/1.1" 200 555
"GET / HTTP/1.1" 200 1152
"POST / HTTP/1.1" 302 0
"GET /result/17/ HTTP/1.1" 200 557
C:\Users\Ёлиз\Documents\project_exam_unic\exam_unic\text_cleaning_project\text_cleaner\text_processing.py changed, reloading.
Watching for file changes with StatReloader
Watching for file changes with StatReloader
Watching for file changes with StatReloader
Watching for file changes with StatReloader
Watching for file changes with StatReloader
"GET / HTTP/1.1" 200 1152
Internal Server Error: /
Traceback (most recent call last):
  File "C:\Users\Ёлиз\Documents\project_exam_unic\exam_unic\text_cleaning_project\venv\lib\site-packages\django\core\handlers\exception.py", line 55, in inner
    response = get_response(request)
  File "C:\Users\Ёлиз\Documents\project_exam_unic\exam_unic\text_cleaning_project\venv\lib\site-packages\django\core\handlers\base.py", line 197, in _get_response
    response = wrapped_callback(request, *callback_args, **callback_kwargs)
  File "C:\Users\Ёлиз\Documents\project_exam_unic\exam_unic\text_cleaning_project\text_cleaner\views.py", line 17, in process_text
    cleaned_text = process_text_pipeline(original_text, selected_language)
  File "C:\Users\Ёлиз\Documents\project_exam_unic\exam_unic\text_cleaning_project\text_cleaner\text_processing.py", line 137, in process_text_pipeline
    text = correct_spelling_combined(text, language)
  File "C:\Users\Ёлиз\Documents\project_exam_unic\exam_unic\text_cleaning_project\text_cleaner\text_processing.py", line 75, in correct_spelling_combined
    text = correct_spelling_language(text, language)
  File "C:\Users\Ёлиз\Documents\project_exam_unic\exam_unic\text_cleaning_project\text_cleaner\text_processing.py", line 54, in correct_spelling_language
    suggestions = sym_spell.lookup(word, Verbosity.CLOSEST, max_edit_distance=3)
  File "C:\Users\Ёлиз\Documents\project_exam_unic\exam_unic\text_cleaning_project\venv\lib\site-packages\symspellpy\symspellpy.py", line 384, in lookup
    raise ValueError("distance too large")
ValueError: distance too large
"POST / HTTP/1.1" 500 94047
Watching for file changes with StatReloader
"GET / HTTP/1.1" 200 1152
"POST / HTTP/1.1" 302 0
"GET /result/18/ HTTP/1.1" 200 559
Not Found: /process/
"GET /process/ HTTP/1.1" 404 2468
"GET / HTTP/1.1" 200 1152
"POST / HTTP/1.1" 302 0
"GET /result/19/ HTTP/1.1" 200 613
Watching for file changes with StatReloader
C:\Users\Ёлиз\Documents\project_exam_unic\exam_unic\text_cleaning_project\text_cleaner\views.py changed, reloading.
Watching for file changes with StatReloader
C:\Users\Ёлиз\Documents\project_exam_unic\exam_unic\text_cleaning_project\text_cleaner\views.py changed, reloading.
Watching for file changes with StatReloader
C:\Users\Ёлиз\Documents\project_exam_unic\exam_unic\text_cleaning_project\text_cleaner\views.py changed, reloading.
Watching for file changes with StatReloader
C:\Users\Ёлиз\Documents\project_exam_unic\exam_unic\text_cleaning_project\text_cleaner\views.py changed, reloading.
Watching for file changes with StatReloader
C:\Users\Ёлиз\Documents\project_exam_unic\exam_unic\text_cleaning_project\text_cleaner\views.py changed, reloading.
Watching for file changes with StatReloader
C:\Users\Ёлиз\Documents\project_exam_unic\exam_unic\text_cleaning_project\text_cleaner\views.py changed, reloading.
Watching for file changes with StatReloader
C:\Users\Ёлиз\Documents\project_exam_unic\exam_unic\text_cleaning_project\text_cleaner\views.py changed, reloading.
Watching for file changes with StatReloader
C:\Users\Ёлиз\Documents\project_exam_unic\exam_unic\text_cleaning_project\text_cleaner\models.py changed, reloading.
Watching for file changes with StatReloader
C:\Users\Ёлиз\Documents\project_exam_unic\exam_unic\text_cleaning_project\text_cleaner\models.py changed, reloading.
Watching for file changes with StatReloader
C:\Users\Ёлиз\Documents\project_exam_unic\exam_unic\text_cleaning_project\text_cleaner\models.py changed, reloading.
Watching for file changes with StatReloader
C:\Users\Ёлиз\Documents\project_exam_unic\exam_unic\text_cleaning_project\text_cleaner\models.py changed, reloading.
Watching for file changes with StatReloader
C:\Users\Ёлиз\Documents\project_exam_unic\exam_unic\text_cleaning_project\text_cleaner\views.py changed, reloading.
Watching for file changes with StatReloader
C:\Users\Ёлиз\Documents\project_exam_unic\exam_unic\text_cleaning_project\text_cleaner\views.py changed, reloading.
Watching for file changes with StatReloader
C:\Users\Ёлиз\Documents\project_exam_unic\exam_unic\text_cleaning_project\text_cleaner\text_processing.py changed, reloading.
Watching for file changes with StatReloader
C:\Users\Ёлиз\Documents\project_exam_unic\exam_unic\text_cleaning_project\text_cleaner\text_processing.py changed, reloading.
Watching for file changes with StatReloader
"GET / HTTP/1.1" 200 909
"POST / HTTP/1.1" 302 0
"GET /result/20/ HTTP/1.1" 200 636
"GET / HTTP/1.1" 200 909
"POST / HTTP/1.1" 302 0
"GET /result/21/ HTTP/1.1" 200 3042
"GET / HTTP/1.1" 200 909
"POST / HTTP/1.1" 302 0
"GET /result/22/ HTTP/1.1" 200 3018
"GET / HTTP/1.1" 200 909
"POST / HTTP/1.1" 302 0
"GET /result/23/ HTTP/1.1" 200 2283
Watching for file changes with StatReloader
Internal Server Error: /
Traceback (most recent call last):
  File "C:\Users\Ёлиз\Documents\project_exam_unic\exam_unic\text_cleaning_project\venv\lib\site-packages\django\template\base.py", line 505, in parse
    compile_func = self.tags[command]
KeyError: 'static'

During handling of the above exception, another exception occurred:

Traceback (most recent call last):
  File "C:\Users\Ёлиз\Documents\project_exam_unic\exam_unic\text_cleaning_project\venv\lib\site-packages\django\core\handlers\exception.py", line 55, in inner
    response = get_response(request)
  File "C:\Users\Ёлиз\Documents\project_exam_unic\exam_unic\text_cleaning_project\venv\lib\site-packages\django\core\handlers\base.py", line 197, in _get_response
    response = wrapped_callback(request, *callback_args, **callback_kwargs)
  File "C:\Users\Ёлиз\Documents\project_exam_unic\exam_unic\text_cleaning_project\text_cleaner\views.py", line 22, in process_text
    return render(request, "process_text.html")
  File "C:\Users\Ёлиз\Documents\project_exam_unic\exam_unic\text_cleaning_project\venv\lib\site-packages\django\shortcuts.py", line 24, in render
    content = loader.render_to_string(template_name, context, request, using=using)
  File "C:\Users\Ёлиз\Documents\project_exam_unic\exam_unic\text_cleaning_project\venv\lib\site-packages\django\template\loader.py", line 61, in render_to_string
    template = get_template(template_name, using=using)
  File "C:\Users\Ёлиз\Documents\project_exam_unic\exam_unic\text_cleaning_project\venv\lib\site-packages\django\template\loader.py", line 15, in get_template
    return engine.get_template(template_name)
  File "C:\Users\Ёлиз\Documents\project_exam_unic\exam_unic\text_cleaning_project\venv\lib\site-packages\django\template\backends\django.py", line 33, in get_template
    return Template(self.engine.get_template(template_name), self)
  File "C:\Users\Ёлиз\Documents\project_exam_unic\exam_unic\text_cleaning_project\venv\lib\site-packages\django\template\engine.py", line 175, in get_template
    template, origin = self.find_template(template_name)
  File "C:\Users\Ёлиз\Documents\project_exam_unic\exam_unic\text_cleaning_project\venv\lib\site-packages\django\template\engine.py", line 157, in find_template
    template = loader.get_template(name, skip=skip)
  File "C:\Users\Ёлиз\Documents\project_exam_unic\exam_unic\text_cleaning_project\venv\lib\site-packages\django\template\loaders\cached.py", line 57, in get_template
    template = super().get_template(template_name, skip)
  File "C:\Users\Ёлиз\Documents\project_exam_unic\exam_unic\text_cleaning_project\venv\lib\site-packages\django\template\loaders\base.py", line 28, in get_template
    return Template(
  File "C:\Users\Ёлиз\Documents\project_exam_unic\exam_unic\text_cleaning_project\venv\lib\site-packages\django\template\base.py", line 154, in __init__
    self.nodelist = self.compile_nodelist()
  File "C:\Users\Ёлиз\Documents\project_exam_unic\exam_unic\text_cleaning_project\venv\lib\site-packages\django\template\base.py", line 200, in compile_nodelist
    return parser.parse()
  File "C:\Users\Ёлиз\Documents\project_exam_unic\exam_unic\text_cleaning_project\venv\lib\site-packages\django\template\base.py", line 507, in parse
    self.invalid_block_tag(token, command, parse_until)
  File "C:\Users\Ёлиз\Documents\project_exam_unic\exam_unic\text_cleaning_project\venv\lib\site-packages\django\template\base.py", line 568, in invalid_block_tag
    raise self.error(
django.template.exceptions.TemplateSyntaxError: Invalid block tag on line 7: 'static'. Did you forget to register or load this tag?
"GET / HTTP/1.1" 500 144449
C:\Users\Ёлиз\Documents\project_exam_unic\exam_unic\text_cleaning_project\text_cleaner\models.py changed, reloading.
Watching for file changes with StatReloader
Watching for file changes with StatReloader
Internal Server Error: /
Traceback (most recent call last):
  File "C:\Users\Ёлиз\Documents\project_exam_unic\exam_unic\text_cleaning_project\venv\lib\site-packages\django\template\base.py", line 505, in parse
    compile_func = self.tags[command]
KeyError: 'static'

During handling of the above exception, another exception occurred:

Traceback (most recent call last):
  File "C:\Users\Ёлиз\Documents\project_exam_unic\exam_unic\text_cleaning_project\venv\lib\site-packages\django\core\handlers\exception.py", line 55, in inner
    response = get_response(request)
  File "C:\Users\Ёлиз\Documents\project_exam_unic\exam_unic\text_cleaning_project\venv\lib\site-packages\django\core\handlers\base.py", line 197, in _get_response
    response = wrapped_callback(request, *callback_args, **callback_kwargs)
  File "C:\Users\Ёлиз\Documents\project_exam_unic\exam_unic\text_cleaning_project\text_cleaner\views.py", line 22, in process_text
    return render(request, "process_text.html")
  File "C:\Users\Ёлиз\Documents\project_exam_unic\exam_unic\text_cleaning_project\venv\lib\site-packages\django\shortcuts.py", line 24, in render
    content = loader.render_to_string(template_name, context, request, using=using)
  File "C:\Users\Ёлиз\Documents\project_exam_unic\exam_unic\text_cleaning_project\venv\lib\site-packages\django\template\loader.py", line 61, in render_to_string
    template = get_template(template_name, using=using)
  File "C:\Users\Ёлиз\Documents\project_exam_unic\exam_unic\text_cleaning_project\venv\lib\site-packages\django\template\loader.py", line 15, in get_template
    return engine.get_template(template_name)
  File "C:\Users\Ёлиз\Documents\project_exam_unic\exam_unic\text_cleaning_project\venv\lib\site-packages\django\template\backends\django.py", line 33, in get_template
    return Template(self.engine.get_template(template_name), self)
  File "C:\Users\Ёлиз\Documents\project_exam_unic\exam_unic\text_cleaning_project\venv\lib\site-packages\django\template\engine.py", line 175, in get_template
    template, origin = self.find_template(template_name)
  File "C:\Users\Ёлиз\Documents\project_exam_unic\exam_unic\text_cleaning_project\venv\lib\site-packages\django\template\engine.py", line 157, in find_template
    template = loader.get_template(name, skip=skip)
  File "C:\Users\Ёлиз\Documents\project_exam_unic\exam_unic\text_cleaning_project\venv\lib\site-packages\django\template\loaders\cached.py", line 57, in get_template
    template = super().get_template(template_name, skip)
  File "C:\Users\Ёлиз\Documents\project_exam_unic\exam_unic\text_cleaning_project\venv\lib\site-packages\django\template\loaders\base.py", line 28, in get_template
    return Template(
  File "C:\Users\Ёлиз\Documents\project_exam_unic\exam_unic\text_cleaning_project\venv\lib\site-packages\django\template\base.py", line 154, in __init__
    self.nodelist = self.compile_nodelist()
  File "C:\Users\Ёлиз\Documents\project_exam_unic\exam_unic\text_cleaning_project\venv\lib\site-packages\django\template\base.py", line 200, in compile_nodelist
    return parser.parse()
  File "C:\Users\Ёлиз\Documents\project_exam_unic\exam_unic\text_cleaning_project\venv\lib\site-packages\django\template\base.py", line 507, in parse
    self.invalid_block_tag(token, command, parse_until)
  File "C:\Users\Ёлиз\Documents\project_exam_unic\exam_unic\text_cleaning_project\venv\lib\site-packages\django\template\base.py", line 568, in invalid_block_tag
    raise self.error(
django.template.exceptions.TemplateSyntaxError: Invalid block tag on line 7: 'static'. Did you forget to register or load this tag?
"GET / HTTP/1.1" 500 144449
C:\Users\Ёлиз\Documents\project_exam_unic\exam_unic\text_cleaning_project\text_cleaning_project\settings.py changed, reloading.
Watching for file changes with StatReloader
C:\Users\Ёлиз\Documents\project_exam_unic\exam_unic\text_cleaning_project\text_cleaning_project\settings.py changed, reloading.
Watching for file changes with StatReloader
"GET / HTTP/1.1" 200 1148
"GET /static/styles.css HTTP/1.1" 200 1442
"POST / HTTP/1.1" 302 0
Internal Server Error: /result/24/
Traceback (most recent call last):
  File "C:\Users\Ёлиз\Documents\project_exam_unic\exam_unic\text_cleaning_project\venv\lib\site-packages\django\template\base.py", line 505, in parse
    compile_func = self.tags[command]
KeyError: 'static'

During handling of the above exception, another exception occurred:

Traceback (most recent call last):
  File "C:\Users\Ёлиз\Documents\project_exam_unic\exam_unic\text_cleaning_project\venv\lib\site-packages\django\core\handlers\exception.py", line 55, in inner
    response = get_response(request)
  File "C:\Users\Ёлиз\Documents\project_exam_unic\exam_unic\text_cleaning_project\venv\lib\site-packages\django\core\handlers\base.py", line 197, in _get_response
    response = wrapped_callback(request, *callback_args, **callback_kwargs)
  File "C:\Users\Ёлиз\Documents\project_exam_unic\exam_unic\text_cleaning_project\text_cleaner\views.py", line 29, in result
    return render(request, "result.html", {"text_data": text_data})
  File "C:\Users\Ёлиз\Documents\project_exam_unic\exam_unic\text_cleaning_project\venv\lib\site-packages\django\shortcuts.py", line 24, in render
    content = loader.render_to_string(template_name, context, request, using=using)
  File "C:\Users\Ёлиз\Documents\project_exam_unic\exam_unic\text_cleaning_project\venv\lib\site-packages\django\template\loader.py", line 61, in render_to_string
    template = get_template(template_name, using=using)
  File "C:\Users\Ёлиз\Documents\project_exam_unic\exam_unic\text_cleaning_project\venv\lib\site-packages\django\template\loader.py", line 15, in get_template
    return engine.get_template(template_name)
  File "C:\Users\Ёлиз\Documents\project_exam_unic\exam_unic\text_cleaning_project\venv\lib\site-packages\django\template\backends\django.py", line 33, in get_template
    return Template(self.engine.get_template(template_name), self)
  File "C:\Users\Ёлиз\Documents\project_exam_unic\exam_unic\text_cleaning_project\venv\lib\site-packages\django\template\engine.py", line 175, in get_template
    template, origin = self.find_template(template_name)
  File "C:\Users\Ёлиз\Documents\project_exam_unic\exam_unic\text_cleaning_project\venv\lib\site-packages\django\template\engine.py", line 157, in find_template
    template = loader.get_template(name, skip=skip)
  File "C:\Users\Ёлиз\Documents\project_exam_unic\exam_unic\text_cleaning_project\venv\lib\site-packages\django\template\loaders\cached.py", line 57, in get_template
    template = super().get_template(template_name, skip)
  File "C:\Users\Ёлиз\Documents\project_exam_unic\exam_unic\text_cleaning_project\venv\lib\site-packages\django\template\loaders\base.py", line 28, in get_template
    return Template(
  File "C:\Users\Ёлиз\Documents\project_exam_unic\exam_unic\text_cleaning_project\venv\lib\site-packages\django\template\base.py", line 154, in __init__
    self.nodelist = self.compile_nodelist()
  File "C:\Users\Ёлиз\Documents\project_exam_unic\exam_unic\text_cleaning_project\venv\lib\site-packages\django\template\base.py", line 200, in compile_nodelist
    return parser.parse()
  File "C:\Users\Ёлиз\Documents\project_exam_unic\exam_unic\text_cleaning_project\venv\lib\site-packages\django\template\base.py", line 507, in parse
    self.invalid_block_tag(token, command, parse_until)
  File "C:\Users\Ёлиз\Documents\project_exam_unic\exam_unic\text_cleaning_project\venv\lib\site-packages\django\template\base.py", line 568, in invalid_block_tag
    raise self.error(
django.template.exceptions.TemplateSyntaxError: Invalid block tag on line 7: 'static'. Did you forget to register or load this tag?
"GET /result/24/ HTTP/1.1" 500 144935
"GET / HTTP/1.1" 200 1148
"POST / HTTP/1.1" 302 0
Internal Server Error: /result/25/
Traceback (most recent call last):
  File "C:\Users\Ёлиз\Documents\project_exam_unic\exam_unic\text_cleaning_project\venv\lib\site-packages\django\template\base.py", line 505, in parse
    compile_func = self.tags[command]
KeyError: 'static'

During handling of the above exception, another exception occurred:

Traceback (most recent call last):
  File "C:\Users\Ёлиз\Documents\project_exam_unic\exam_unic\text_cleaning_project\venv\lib\site-packages\django\core\handlers\exception.py", line 55, in inner
    response = get_response(request)
  File "C:\Users\Ёлиз\Documents\project_exam_unic\exam_unic\text_cleaning_project\venv\lib\site-packages\django\core\handlers\base.py", line 197, in _get_response
    response = wrapped_callback(request, *callback_args, **callback_kwargs)
  File "C:\Users\Ёлиз\Documents\project_exam_unic\exam_unic\text_cleaning_project\text_cleaner\views.py", line 29, in result
    return render(request, "result.html", {"text_data": text_data})
  File "C:\Users\Ёлиз\Documents\project_exam_unic\exam_unic\text_cleaning_project\venv\lib\site-packages\django\shortcuts.py", line 24, in render
    content = loader.render_to_string(template_name, context, request, using=using)
  File "C:\Users\Ёлиз\Documents\project_exam_unic\exam_unic\text_cleaning_project\venv\lib\site-packages\django\template\loader.py", line 61, in render_to_string
    template = get_template(template_name, using=using)
  File "C:\Users\Ёлиз\Documents\project_exam_unic\exam_unic\text_cleaning_project\venv\lib\site-packages\django\template\loader.py", line 15, in get_template
    return engine.get_template(template_name)
  File "C:\Users\Ёлиз\Documents\project_exam_unic\exam_unic\text_cleaning_project\venv\lib\site-packages\django\template\backends\django.py", line 33, in get_template
    return Template(self.engine.get_template(template_name), self)
  File "C:\Users\Ёлиз\Documents\project_exam_unic\exam_unic\text_cleaning_project\venv\lib\site-packages\django\template\engine.py", line 175, in get_template
    template, origin = self.find_template(template_name)
  File "C:\Users\Ёлиз\Documents\project_exam_unic\exam_unic\text_cleaning_project\venv\lib\site-packages\django\template\engine.py", line 157, in find_template
    template = loader.get_template(name, skip=skip)
  File "C:\Users\Ёлиз\Documents\project_exam_unic\exam_unic\text_cleaning_project\venv\lib\site-packages\django\template\loaders\cached.py", line 57, in get_template
    template = super().get_template(template_name, skip)
  File "C:\Users\Ёлиз\Documents\project_exam_unic\exam_unic\text_cleaning_project\venv\lib\site-packages\django\template\loaders\base.py", line 28, in get_template
    return Template(
  File "C:\Users\Ёлиз\Documents\project_exam_unic\exam_unic\text_cleaning_project\venv\lib\site-packages\django\template\base.py", line 154, in __init__
    self.nodelist = self.compile_nodelist()
  File "C:\Users\Ёлиз\Documents\project_exam_unic\exam_unic\text_cleaning_project\venv\lib\site-packages\django\template\base.py", line 200, in compile_nodelist
    return parser.parse()
  File "C:\Users\Ёлиз\Documents\project_exam_unic\exam_unic\text_cleaning_project\venv\lib\site-packages\django\template\base.py", line 507, in parse
    self.invalid_block_tag(token, command, parse_until)
  File "C:\Users\Ёлиз\Documents\project_exam_unic\exam_unic\text_cleaning_project\venv\lib\site-packages\django\template\base.py", line 568, in invalid_block_tag
    raise self.error(
django.template.exceptions.TemplateSyntaxError: Invalid block tag on line 7: 'static'. Did you forget to register or load this tag?
"GET /result/25/ HTTP/1.1" 500 144935
"GET /result/25/ HTTP/1.1" 200 3323
"GET /static/styles.css HTTP/1.1" 304 0
"GET /static/animations.js HTTP/1.1" 200 705
C:\Users\Ёлиз\Documents\project_exam_unic\exam_unic\text_cleaning_project\text_cleaner\text_processing.py changed, reloading.
Watching for file changes with StatReloader
C:\Users\Ёлиз\Documents\project_exam_unic\exam_unic\text_cleaning_project\text_cleaner\text_processing.py changed, reloading.
Watching for file changes with StatReloader
"GET / HTTP/1.1" 200 1148
"GET /static/styles.css HTTP/1.1" 200 1466
"POST / HTTP/1.1" 302 0
"GET /result/26/ HTTP/1.1" 200 6542
"GET /static/styles.css HTTP/1.1" 304 0
"GET / HTTP/1.1" 200 1148
"GET /static/styles.css HTTP/1.1" 200 1991
"POST / HTTP/1.1" 302 0
"GET /result/27/ HTTP/1.1" 200 6444
"GET /static/styles.css HTTP/1.1" 304 0
"GET / HTTP/1.1" 200 1148
"GET /static/styles.css HTTP/1.1" 304 0
"POST / HTTP/1.1" 302 0
"GET /result/28/ HTTP/1.1" 200 6444
"GET /static/styles.css HTTP/1.1" 304 0
"GET / HTTP/1.1" 200 1148
"POST / HTTP/1.1" 302 0
"GET /result/29/ HTTP/1.1" 200 4984
"GET /static/styles.css HTTP/1.1" 304 0
Watching for file changes with StatReloader
"GET / HTTP/1.1" 200 1193
"GET /static/styles.css HTTP/1.1" 200 2623
"POST / HTTP/1.1" 302 0
"GET /result/30/ HTTP/1.1" 200 6444
"GET /static/styles.css HTTP/1.1" 304 0
"GET / HTTP/1.1" 200 1193
"GET /static/styles.css HTTP/1.1" 304 0
"GET / HTTP/1.1" 200 768
"GET /static/styles.css HTTP/1.1" 304 0
"GET / HTTP/1.1" 200 768
C:\Users\Ёлиз\Documents\project_exam_unic\exam_unic\text_cleaning_project\text_cleaner\models.py changed, reloading.
Watching for file changes with StatReloader
C:\Users\Ёлиз\Documents\project_exam_unic\exam_unic\text_cleaning_project\text_cleaner\models.py changed, reloading.
Watching for file changes with StatReloader
Watching for file changes with StatReloader
"GET / HTTP/1.1" 200 768
"GET /static/styles.css HTTP/1.1" 304 0
"POST / HTTP/1.1" 302 0
"GET /result/31/ HTTP/1.1" 200 5005
"GET / HTTP/1.1" 200 768
"GET /static/styles.css HTTP/1.1" 304 0
"POST / HTTP/1.1" 302 0
"GET /result/32/ HTTP/1.1" 200 6455
C:\Users\Ёлиз\Documents\project_exam_unic\exam_unic\text_cleaning_project\text_cleaner\views.py changed, reloading.
Watching for file changes with StatReloader
"GET / HTTP/1.1" 200 768
"POST / HTTP/1.1" 302 0
"GET /result/33/ HTTP/1.1" 200 5005
"GET /static/styles.css HTTP/1.1" 304 0
C:\Users\Ёлиз\Documents\project_exam_unic\exam_unic\text_cleaning_project\text_cleaner\text_processing.py changed, reloading.
Watching for file changes with StatReloader
C:\Users\Ёлиз\Documents\project_exam_unic\exam_unic\text_cleaning_project\text_cleaner\text_processing.py changed, reloading.
Watching for file changes with StatReloader
"GET / HTTP/1.1" 200 768
"GET /static/styles.css HTTP/1.1" 304 0
"POST / HTTP/1.1" 302 0
"GET /result/34/ HTTP/1.1" 200 5391
